3/28/2022, 5:31:44 PM - INFO - Server is running on port: 3030
3/28/2022, 5:32:42 PM - INFO - Req!!!
3/28/2022, 5:32:42 PM - ERROR - cannot find stays | {}
3/28/2022, 5:32:42 PM - ERROR - Failed to get stays | {}
3/28/2022, 5:34:19 PM - INFO - Req!!!
3/28/2022, 5:34:19 PM - ERROR - cannot find stays | {}
3/28/2022, 5:34:19 PM - ERROR - Failed to get stays | {}
3/28/2022, 5:34:53 PM - INFO - Server is running on port: 3030
3/28/2022, 5:34:58 PM - INFO - Req!!!
3/28/2022, 5:43:23 PM - INFO - Req!!!
3/28/2022, 5:44:54 PM - INFO - Req!!!
3/29/2022, 9:19:18 AM - INFO - Server is running on port: 3030
3/29/2022, 9:25:50 AM - INFO - Req!!!
3/29/2022, 10:21:01 AM - INFO - Server is running on port: 3030
3/29/2022, 10:22:38 AM - INFO - Server is running on port: 3030
3/29/2022, 10:23:11 AM - INFO - Server is running on port: 3030
3/29/2022, 10:40:37 AM - ERROR - while finding user 6242acad4e17b1023c14406b | {}
3/29/2022, 10:40:37 AM - ERROR - Failed to get user | {}
3/29/2022, 10:42:39 AM - INFO - Req!!!
3/29/2022, 10:49:08 AM - INFO - Server is running on port: 3030
3/29/2022, 10:54:28 AM - INFO - Server is running on port: 3030
3/29/2022, 10:55:46 AM - INFO - Server is running on port: 3030
3/29/2022, 11:02:07 AM - INFO - Server is running on port: 3030
3/29/2022, 11:02:41 AM - INFO - Server is running on port: 3030
3/29/2022, 11:08:43 AM - INFO - Server is running on port: 3030
3/29/2022, 11:08:48 AM - INFO - Server is running on port: 3030
3/29/2022, 11:08:59 AM - INFO - Server is running on port: 3030
3/29/2022, 11:09:06 AM - INFO - Server is running on port: 3030
3/29/2022, 11:09:25 AM - INFO - Server is running on port: 3030
3/29/2022, 11:12:11 AM - INFO - Server is running on port: 3030
3/29/2022, 11:13:03 AM - INFO - Server is running on port: 3030
3/29/2022, 11:13:45 AM - INFO - Server is running on port: 3030
3/29/2022, 11:14:55 AM - INFO - Server is running on port: 3030
3/29/2022, 11:17:23 AM - INFO - Server is running on port: 3030
3/29/2022, 11:18:11 AM - INFO - Server is running on port: 3030
3/29/2022, 11:18:24 AM - INFO - Server is running on port: 3030
3/29/2022, 11:18:37 AM - INFO - Server is running on port: 3030
3/29/2022, 11:18:55 AM - INFO - Server is running on port: 3030
3/29/2022, 11:19:00 AM - INFO - Server is running on port: 3030
3/29/2022, 11:25:25 AM - INFO - Server is running on port: 3030
3/29/2022, 8:43:15 PM - INFO - Server is running on port: 3030
3/29/2022, 8:43:48 PM - INFO - Server is running on port: 3030
3/29/2022, 8:44:28 PM - INFO - Req!!!
3/29/2022, 8:45:42 PM - INFO - Req!!!
3/29/2022, 8:46:59 PM - INFO - Req!!!
3/29/2022, 8:53:26 PM - INFO - Server is running on port: 3030
3/29/2022, 11:08:48 PM - INFO - Server is running on port: 3030
3/29/2022, 11:09:24 PM - INFO - Server is running on port: 3030
3/29/2022, 11:35:47 PM - INFO - Server is running on port: 3030
3/29/2022, 11:41:21 PM - INFO - Server is running on port: 3030
3/30/2022, 8:23:46 AM - INFO - Server is running on port: 3030
3/30/2022, 9:00:50 AM - INFO - Server is running on port: 3030
3/30/2022, 9:13:10 AM - INFO - Server is running on port: 3030
3/30/2022, 9:13:43 AM - INFO - Server is running on port: 3030
3/30/2022, 9:14:53 AM - INFO - Server is running on port: 3030
3/30/2022, 9:16:03 AM - INFO - Server is running on port: 3030
3/30/2022, 9:20:06 AM - INFO - Req!!!
3/30/2022, 9:23:38 AM - INFO - Server is running on port: 3030
3/30/2022, 9:23:52 AM - INFO - Server is running on port: 3030
3/30/2022, 9:24:13 AM - INFO - Server is running on port: 3030
3/30/2022, 9:24:20 AM - INFO - Req!!!
3/30/2022, 9:24:41 AM - INFO - Server is running on port: 3030
3/30/2022, 9:25:27 AM - INFO - Server is running on port: 3030
3/30/2022, 9:25:33 AM - INFO - Server is running on port: 3030
3/30/2022, 9:25:39 AM - INFO - Req!!!
3/30/2022, 9:26:28 AM - INFO - Server is running on port: 3030
3/30/2022, 9:26:53 AM - INFO - Server is running on port: 3030
3/30/2022, 9:27:03 AM - INFO - Req!!!
3/30/2022, 9:27:45 AM - INFO - Server is running on port: 3030
3/30/2022, 9:29:05 AM - INFO - Server is running on port: 3030
3/30/2022, 9:29:08 AM - INFO - Server is running on port: 3030
3/30/2022, 9:33:59 AM - INFO - Req!!!
3/30/2022, 9:36:43 AM - INFO - Req!!!
3/30/2022, 9:37:29 AM - INFO - Req!!!
3/30/2022, 9:37:55 AM - INFO - Req!!!
3/30/2022, 9:42:23 AM - INFO - Req!!!
3/30/2022, 9:43:04 AM - INFO - Req!!!
